{"/Users/adusingi/Documents/Code/adusingi-web/api/subscribe.ts": {"path":"/Users/adusingi/Documents/Code/adusingi-web/api/subscribe.ts","statementMap":{"0":{"start":{"line":6,"column":23},"end":{"line":6,"column":null}},"1":{"start":{"line":20,"column":14},"end":{"line":20,"column":null}},"2":{"start":{"line":21,"column":14},"end":{"line":21,"column":null}},"3":{"start":{"line":24,"column":14},"end":{"line":24,"column":null}},"4":{"start":{"line":26,"column":2},"end":{"line":40,"column":null}},"5":{"start":{"line":28,"column":4},"end":{"line":31,"column":null}},"6":{"start":{"line":32,"column":4},"end":{"line":32,"column":null}},"7":{"start":{"line":34,"column":4},"end":{"line":39,"column":null}},"8":{"start":{"line":43,"column":2},"end":{"line":43,"column":null}},"9":{"start":{"line":44,"column":2},"end":{"line":44,"column":null}},"10":{"start":{"line":47,"column":2},"end":{"line":53,"column":null}},"11":{"start":{"line":48,"column":4},"end":{"line":52,"column":null}},"12":{"start":{"line":49,"column":6},"end":{"line":51,"column":null}},"13":{"start":{"line":50,"column":8},"end":{"line":50,"column":null}},"14":{"start":{"line":55,"column":2},"end":{"line":60,"column":null}},"15":{"start":{"line":66,"column":24},"end":{"line":66,"column":null}},"16":{"start":{"line":67,"column":2},"end":{"line":67,"column":null}},"17":{"start":{"line":68,"column":2},"end":{"line":68,"column":null}},"18":{"start":{"line":69,"column":2},"end":{"line":69,"column":null}},"19":{"start":{"line":72,"column":2},"end":{"line":74,"column":null}},"20":{"start":{"line":73,"column":4},"end":{"line":73,"column":null}},"21":{"start":{"line":77,"column":2},"end":{"line":79,"column":null}},"22":{"start":{"line":78,"column":4},"end":{"line":78,"column":null}},"23":{"start":{"line":82,"column":2},"end":{"line":96,"column":null}},"24":{"start":{"line":83,"column":15},"end":{"line":83,"column":null}},"25":{"start":{"line":84,"column":22},"end":{"line":84,"column":null}},"26":{"start":{"line":86,"column":4},"end":{"line":86,"column":null}},"27":{"start":{"line":87,"column":4},"end":{"line":87,"column":null}},"28":{"start":{"line":88,"column":4},"end":{"line":88,"column":null}},"29":{"start":{"line":90,"column":4},"end":{"line":92,"column":null}},"30":{"start":{"line":91,"column":6},"end":{"line":91,"column":null}},"31":{"start":{"line":94,"column":4},"end":{"line":94,"column":null}},"32":{"start":{"line":98,"column":20},"end":{"line":98,"column":null}},"33":{"start":{"line":101,"column":2},"end":{"line":103,"column":null}},"34":{"start":{"line":102,"column":4},"end":{"line":102,"column":null}},"35":{"start":{"line":105,"column":17},"end":{"line":105,"column":null}},"36":{"start":{"line":106,"column":2},"end":{"line":109,"column":null}},"37":{"start":{"line":107,"column":4},"end":{"line":107,"column":null}},"38":{"start":{"line":108,"column":4},"end":{"line":108,"column":null}},"39":{"start":{"line":111,"column":17},"end":{"line":111,"column":null}},"40":{"start":{"line":113,"column":2},"end":{"line":149,"column":null}},"41":{"start":{"line":116,"column":22},"end":{"line":119,"column":null}},"42":{"start":{"line":121,"column":4},"end":{"line":135,"column":null}},"43":{"start":{"line":122,"column":6},"end":{"line":122,"column":null}},"44":{"start":{"line":125,"column":6},"end":{"line":130,"column":null}},"45":{"start":{"line":126,"column":8},"end":{"line":129,"column":null}},"46":{"start":{"line":132,"column":6},"end":{"line":134,"column":null}},"47":{"start":{"line":138,"column":4},"end":{"line":138,"column":null}},"48":{"start":{"line":140,"column":4},"end":{"line":143,"column":null}},"49":{"start":{"line":145,"column":4},"end":{"line":145,"column":null}},"50":{"start":{"line":146,"column":4},"end":{"line":148,"column":null}},"51":{"start":{"line":153,"column":16},"end":{"line":153,"column":null}},"52":{"start":{"line":154,"column":2},"end":{"line":154,"column":null}},"53":{"start":{"line":158,"column":2},"end":{"line":241,"column":null}},"54":{"start":{"line":160,"column":22},"end":{"line":232,"column":null}},"55":{"start":{"line":234,"column":4},"end":{"line":237,"column":null}},"56":{"start":{"line":235,"column":6},"end":{"line":235,"column":null}},"57":{"start":{"line":239,"column":4},"end":{"line":239,"column":null}}},"fnMap":{"0":{"name":"checkRateLimit","decl":{"start":{"line":15,"column":15},"end":{"line":15,"column":null}},"loc":{"start":{"line":19,"column":28},"end":{"line":61,"column":null}},"line":19},"1":{"name":"handler","decl":{"start":{"line":64,"column":30},"end":{"line":64,"column":38}},"loc":{"start":{"line":64,"column":79},"end":{"line":150,"column":null}},"line":64},"2":{"name":"isValidEmail","decl":{"start":{"line":152,"column":9},"end":{"line":152,"column":22}},"loc":{"start":{"line":152,"column":46},"end":{"line":155,"column":null}},"line":152},"3":{"name":"sendWelcomeEmail","decl":{"start":{"line":157,"column":15},"end":{"line":157,"column":32}},"loc":{"start":{"line":157,"column":63},"end":{"line":242,"column":null}},"line":157}},"branchMap":{"0":{"loc":{"start":{"line":17,"column":2},"end":{"line":17,"column":null}},"type":"default-arg","locations":[{"start":{"line":17,"column":18},"end":{"line":17,"column":null}}],"line":17},"1":{"loc":{"start":{"line":18,"column":2},"end":{"line":18,"column":null}},"type":"default-arg","locations":[{"start":{"line":18,"column":30},"end":{"line":18,"column":null}}],"line":18},"2":{"loc":{"start":{"line":26,"column":2},"end":{"line":40,"column":null}},"type":"if","locations":[{"start":{"line":26,"column":2},"end":{"line":40,"column":null}},{"start":{},"end":{}}],"line":26},"3":{"loc":{"start":{"line":26,"column":6},"end":{"line":26,"column":39}},"type":"binary-expr","locations":[{"start":{"line":26,"column":6},"end":{"line":26,"column":16}},{"start":{"line":26,"column":16},"end":{"line":26,"column":39}}],"line":26},"4":{"loc":{"start":{"line":47,"column":2},"end":{"line":53,"column":null}},"type":"if","locations":[{"start":{"line":47,"column":2},"end":{"line":53,"column":null}},{"start":{},"end":{}}],"line":47},"5":{"loc":{"start":{"line":49,"column":6},"end":{"line":51,"column":null}},"type":"if","locations":[{"start":{"line":49,"column":6},"end":{"line":51,"column":null}},{"start":{},"end":{}}],"line":49},"6":{"loc":{"start":{"line":66,"column":24},"end":{"line":66,"column":null}},"type":"binary-expr","locations":[{"start":{"line":66,"column":24},"end":{"line":66,"column":54}},{"start":{"line":66,"column":54},"end":{"line":66,"column":null}}],"line":66},"7":{"loc":{"start":{"line":72,"column":2},"end":{"line":74,"column":null}},"type":"if","locations":[{"start":{"line":72,"column":2},"end":{"line":74,"column":null}},{"start":{},"end":{}}],"line":72},"8":{"loc":{"start":{"line":77,"column":2},"end":{"line":79,"column":null}},"type":"if","locations":[{"start":{"line":77,"column":2},"end":{"line":79,"column":null}},{"start":{},"end":{}}],"line":77},"9":{"loc":{"start":{"line":83,"column":15},"end":{"line":83,"column":null}},"type":"binary-expr","locations":[{"start":{"line":83,"column":15},"end":{"line":83,"column":49}},{"start":{"line":83,"column":49},"end":{"line":83,"column":77}},{"start":{"line":83,"column":77},"end":{"line":83,"column":null}}],"line":83},"10":{"loc":{"start":{"line":90,"column":4},"end":{"line":92,"column":null}},"type":"if","locations":[{"start":{"line":90,"column":4},"end":{"line":92,"column":null}},{"start":{},"end":{}}],"line":90},"11":{"loc":{"start":{"line":101,"column":2},"end":{"line":103,"column":null}},"type":"if","locations":[{"start":{"line":101,"column":2},"end":{"line":103,"column":null}},{"start":{},"end":{}}],"line":101},"12":{"loc":{"start":{"line":101,"column":6},"end":{"line":101,"column":38}},"type":"binary-expr","locations":[{"start":{"line":101,"column":6},"end":{"line":101,"column":16}},{"start":{"line":101,"column":16},"end":{"line":101,"column":38}}],"line":101},"13":{"loc":{"start":{"line":106,"column":2},"end":{"line":109,"column":null}},"type":"if","locations":[{"start":{"line":106,"column":2},"end":{"line":109,"column":null}},{"start":{},"end":{}}],"line":106},"14":{"loc":{"start":{"line":121,"column":4},"end":{"line":135,"column":null}},"type":"if","locations":[{"start":{"line":121,"column":4},"end":{"line":135,"column":null}},{"start":{},"end":{}}],"line":121},"15":{"loc":{"start":{"line":125,"column":6},"end":{"line":130,"column":null}},"type":"if","locations":[{"start":{"line":125,"column":6},"end":{"line":130,"column":null}},{"start":{},"end":{}}],"line":125},"16":{"loc":{"start":{"line":125,"column":10},"end":{"line":125,"column":69}},"type":"binary-expr","locations":[{"start":{"line":125,"column":10},"end":{"line":125,"column":27}},{"start":{"line":125,"column":27},"end":{"line":125,"column":69}}],"line":125},"17":{"loc":{"start":{"line":234,"column":4},"end":{"line":237,"column":null}},"type":"if","locations":[{"start":{"line":234,"column":4},"end":{"line":237,"column":null}},{"start":{},"end":{}}],"line":234}},"s":{"0":0,"1":0,"2":0,"3":0,"4":0,"5":0,"6":0,"7":0,"8":0,"9":0,"10":0,"11":0,"12":0,"13":0,"14":0,"15":0,"16":0,"17":0,"18":0,"19":0,"20":0,"21":0,"22":0,"23":0,"24":0,"25":0,"26":0,"27":0,"28":0,"29":0,"30":0,"31":0,"32":0,"33":0,"34":0,"35":0,"36":0,"37":0,"38":0,"39":0,"40":0,"41":0,"42":0,"43":0,"44":0,"45":0,"46":0,"47":0,"48":0,"49":0,"50":0,"51":0,"52":0,"53":0,"54":0,"55":0,"56":0,"57":0},"f":{"0":0,"1":0,"2":0,"3":0},"b":{"0":[0],"1":[0],"2":[0,0],"3":[0,0],"4":[0,0],"5":[0,0],"6":[0,0],"7":[0,0],"8":[0,0],"9":[0,0,0],"10":[0,0],"11":[0,0],"12":[0,0],"13":[0,0],"14":[0,0],"15":[0,0],"16":[0,0],"17":[0,0]},"meta":{"lastBranch":18,"lastFunction":4,"lastStatement":58,"seen":{"s:6:23:6:Infinity":0,"f:15:15:15:Infinity":0,"b:17:18:17:Infinity":0,"b:18:30:18:Infinity":1,"s:20:14:20:Infinity":1,"s:21:14:21:Infinity":2,"s:24:14:24:Infinity":3,"b:26:2:40:Infinity:undefined:undefined:undefined:undefined":2,"s:26:2:40:Infinity":4,"b:26:6:26:16:26:16:26:39":3,"s:28:4:31:Infinity":5,"s:32:4:32:Infinity":6,"s:34:4:39:Infinity":7,"s:43:2:43:Infinity":8,"s:44:2:44:Infinity":9,"b:47:2:53:Infinity:undefined:undefined:undefined:undefined":4,"s:47:2:53:Infinity":10,"s:48:4:52:Infinity":11,"b:49:6:51:Infinity:undefined:undefined:undefined:undefined":5,"s:49:6:51:Infinity":12,"s:50:8:50:Infinity":13,"s:55:2:60:Infinity":14,"f:64:30:64:38":1,"s:66:24:66:Infinity":15,"b:66:24:66:54:66:54:66:Infinity":6,"s:67:2:67:Infinity":16,"s:68:2:68:Infinity":17,"s:69:2:69:Infinity":18,"b:72:2:74:Infinity:undefined:undefined:undefined:undefined":7,"s:72:2:74:Infinity":19,"s:73:4:73:Infinity":20,"b:77:2:79:Infinity:undefined:undefined:undefined:undefined":8,"s:77:2:79:Infinity":21,"s:78:4:78:Infinity":22,"s:82:2:96:Infinity":23,"s:83:15:83:Infinity":24,"b:83:15:83:49:83:49:83:77:83:77:83:Infinity":9,"s:84:22:84:Infinity":25,"s:86:4:86:Infinity":26,"s:87:4:87:Infinity":27,"s:88:4:88:Infinity":28,"b:90:4:92:Infinity:undefined:undefined:undefined:undefined":10,"s:90:4:92:Infinity":29,"s:91:6:91:Infinity":30,"s:94:4:94:Infinity":31,"s:98:20:98:Infinity":32,"b:101:2:103:Infinity:undefined:undefined:undefined:undefined":11,"s:101:2:103:Infinity":33,"b:101:6:101:16:101:16:101:38":12,"s:102:4:102:Infinity":34,"s:105:17:105:Infinity":35,"b:106:2:109:Infinity:undefined:undefined:undefined:undefined":13,"s:106:2:109:Infinity":36,"s:107:4:107:Infinity":37,"s:108:4:108:Infinity":38,"s:111:17:111:Infinity":39,"s:113:2:149:Infinity":40,"s:116:22:119:Infinity":41,"b:121:4:135:Infinity:undefined:undefined:undefined:undefined":14,"s:121:4:135:Infinity":42,"s:122:6:122:Infinity":43,"b:125:6:130:Infinity:undefined:undefined:undefined:undefined":15,"s:125:6:130:Infinity":44,"b:125:10:125:27:125:27:125:69":16,"s:126:8:129:Infinity":45,"s:132:6:134:Infinity":46,"s:138:4:138:Infinity":47,"s:140:4:143:Infinity":48,"s:145:4:145:Infinity":49,"s:146:4:148:Infinity":50,"f:152:9:152:22":2,"s:153:16:153:Infinity":51,"s:154:2:154:Infinity":52,"f:157:15:157:32":3,"s:158:2:241:Infinity":53,"s:160:22:232:Infinity":54,"b:234:4:237:Infinity:undefined:undefined:undefined:undefined":17,"s:234:4:237:Infinity":55,"s:235:6:235:Infinity":56,"s:239:4:239:Infinity":57}}}
,"/Users/adusingi/Documents/Code/adusingi-web/scripts/build-posts.ts": {"path":"/Users/adusingi/Documents/Code/adusingi-web/scripts/build-posts.ts","statementMap":{"0":{"start":{"line":8,"column":6},"end":{"line":8,"column":null}},"1":{"start":{"line":9,"column":18},"end":{"line":9,"column":null}},"2":{"start":{"line":41,"column":19},"end":{"line":41,"column":null}},"3":{"start":{"line":43,"column":20},"end":{"line":43,"column":null}},"4":{"start":{"line":44,"column":25},"end":{"line":44,"column":null}},"5":{"start":{"line":47,"column":2},"end":{"line":50,"column":null}},"6":{"start":{"line":48,"column":4},"end":{"line":48,"column":null}},"7":{"start":{"line":49,"column":4},"end":{"line":49,"column":null}},"8":{"start":{"line":53,"column":2},"end":{"line":53,"column":null}},"9":{"start":{"line":53,"column":33},"end":{"line":53,"column":null}},"10":{"start":{"line":54,"column":2},"end":{"line":54,"column":null}},"11":{"start":{"line":54,"column":38},"end":{"line":54,"column":null}},"12":{"start":{"line":57,"column":16},"end":{"line":57,"column":null}},"13":{"start":{"line":57,"column":56},"end":{"line":57,"column":76}},"14":{"start":{"line":59,"column":2},"end":{"line":63,"column":null}},"15":{"start":{"line":60,"column":4},"end":{"line":60,"column":null}},"16":{"start":{"line":61,"column":4},"end":{"line":61,"column":null}},"17":{"start":{"line":62,"column":4},"end":{"line":62,"column":null}},"18":{"start":{"line":65,"column":24},"end":{"line":65,"column":null}},"19":{"start":{"line":67,"column":2},"end":{"line":102,"column":null}},"20":{"start":{"line":68,"column":21},"end":{"line":68,"column":null}},"21":{"start":{"line":69,"column":24},"end":{"line":69,"column":null}},"22":{"start":{"line":70,"column":26},"end":{"line":70,"column":null}},"23":{"start":{"line":71,"column":24},"end":{"line":71,"column":null}},"24":{"start":{"line":73,"column":4},"end":{"line":73,"column":null}},"25":{"start":{"line":73,"column":27},"end":{"line":73,"column":null}},"26":{"start":{"line":75,"column":17},"end":{"line":75,"column":null}},"27":{"start":{"line":76,"column":20},"end":{"line":76,"column":null}},"28":{"start":{"line":77,"column":10},"end":{"line":83,"column":null}},"29":{"start":{"line":85,"column":23},"end":{"line":93,"column":null}},"30":{"start":{"line":95,"column":4},"end":{"line":95,"column":null}},"31":{"start":{"line":98,"column":4},"end":{"line":101,"column":null}},"32":{"start":{"line":105,"column":2},"end":{"line":112,"column":null}},"33":{"start":{"line":107,"column":4},"end":{"line":107,"column":null}},"34":{"start":{"line":107,"column":31},"end":{"line":107,"column":null}},"35":{"start":{"line":108,"column":4},"end":{"line":108,"column":null}},"36":{"start":{"line":108,"column":31},"end":{"line":108,"column":null}},"37":{"start":{"line":111,"column":4},"end":{"line":111,"column":null}},"38":{"start":{"line":116,"column":35},"end":{"line":116,"column":null}},"39":{"start":{"line":116,"column":84},"end":{"line":116,"column":91}},"40":{"start":{"line":119,"column":20},"end":{"line":119,"column":null}},"41":{"start":{"line":120,"column":21},"end":{"line":120,"column":null}},"42":{"start":{"line":131,"column":2},"end":{"line":149,"column":null}},"43":{"start":{"line":131,"column":15},"end":{"line":131,"column":18}},"44":{"start":{"line":132,"column":20},"end":{"line":132,"column":null}},"45":{"start":{"line":133,"column":18},"end":{"line":133,"column":null}},"46":{"start":{"line":135,"column":21},"end":{"line":142,"column":null}},"47":{"start":{"line":144,"column":21},"end":{"line":144,"column":null}},"48":{"start":{"line":145,"column":4},"end":{"line":148,"column":null}},"49":{"start":{"line":157,"column":2},"end":{"line":160,"column":null}},"50":{"start":{"line":162,"column":2},"end":{"line":162,"column":null}},"51":{"start":{"line":163,"column":2},"end":{"line":163,"column":null}},"52":{"start":{"line":164,"column":2},"end":{"line":164,"column":null}},"53":{"start":{"line":165,"column":2},"end":{"line":165,"column":null}},"54":{"start":{"line":168,"column":0},"end":{"line":171,"column":null}},"55":{"start":{"line":169,"column":2},"end":{"line":169,"column":null}},"56":{"start":{"line":170,"column":2},"end":{"line":170,"column":null}}},"fnMap":{"0":{"name":"buildPosts","decl":{"start":{"line":40,"column":15},"end":{"line":40,"column":28}},"loc":{"start":{"line":40,"column":28},"end":{"line":166,"column":null}},"line":40},"1":{"name":"(anonymous_1)","decl":{"start":{"line":57,"column":48},"end":{"line":57,"column":56}},"loc":{"start":{"line":57,"column":56},"end":{"line":57,"column":76}},"line":57},"2":{"name":"(anonymous_2)","decl":{"start":{"line":105,"column":13},"end":{"line":105,"column":14}},"loc":{"start":{"line":105,"column":23},"end":{"line":112,"column":3}},"line":105},"3":{"name":"(anonymous_3)","decl":{"start":{"line":116,"column":45},"end":{"line":116,"column":46}},"loc":{"start":{"line":116,"column":84},"end":{"line":116,"column":91}},"line":116},"4":{"name":"(anonymous_4)","decl":{"start":{"line":168,"column":19},"end":{"line":168,"column":26}},"loc":{"start":{"line":168,"column":26},"end":{"line":171,"column":1}},"line":168}},"branchMap":{"0":{"loc":{"start":{"line":47,"column":2},"end":{"line":50,"column":null}},"type":"if","locations":[{"start":{"line":47,"column":2},"end":{"line":50,"column":null}},{"start":{},"end":{}}],"line":47},"1":{"loc":{"start":{"line":53,"column":2},"end":{"line":53,"column":null}},"type":"if","locations":[{"start":{"line":53,"column":2},"end":{"line":53,"column":null}},{"start":{},"end":{}}],"line":53},"2":{"loc":{"start":{"line":54,"column":2},"end":{"line":54,"column":null}},"type":"if","locations":[{"start":{"line":54,"column":2},"end":{"line":54,"column":null}},{"start":{},"end":{}}],"line":54},"3":{"loc":{"start":{"line":59,"column":2},"end":{"line":63,"column":null}},"type":"if","locations":[{"start":{"line":59,"column":2},"end":{"line":63,"column":null}},{"start":{},"end":{}}],"line":59},"4":{"loc":{"start":{"line":73,"column":4},"end":{"line":73,"column":null}},"type":"if","locations":[{"start":{"line":73,"column":4},"end":{"line":73,"column":null}},{"start":{},"end":{}}],"line":73},"5":{"loc":{"start":{"line":90,"column":12},"end":{"line":90,"column":null}},"type":"binary-expr","locations":[{"start":{"line":90,"column":12},"end":{"line":90,"column":32}},{"start":{"line":90,"column":32},"end":{"line":90,"column":null}}],"line":90},"6":{"loc":{"start":{"line":91,"column":14},"end":{"line":91,"column":null}},"type":"binary-expr","locations":[{"start":{"line":91,"column":14},"end":{"line":91,"column":36}},{"start":{"line":91,"column":36},"end":{"line":91,"column":null}}],"line":91},"7":{"loc":{"start":{"line":107,"column":4},"end":{"line":107,"column":null}},"type":"if","locations":[{"start":{"line":107,"column":4},"end":{"line":107,"column":null}},{"start":{},"end":{}}],"line":107},"8":{"loc":{"start":{"line":107,"column":8},"end":{"line":107,"column":31}},"type":"binary-expr","locations":[{"start":{"line":107,"column":8},"end":{"line":107,"column":20}},{"start":{"line":107,"column":20},"end":{"line":107,"column":31}}],"line":107},"9":{"loc":{"start":{"line":108,"column":4},"end":{"line":108,"column":null}},"type":"if","locations":[{"start":{"line":108,"column":4},"end":{"line":108,"column":null}},{"start":{},"end":{}}],"line":108},"10":{"loc":{"start":{"line":108,"column":8},"end":{"line":108,"column":31}},"type":"binary-expr","locations":[{"start":{"line":108,"column":8},"end":{"line":108,"column":21}},{"start":{"line":108,"column":21},"end":{"line":108,"column":31}}],"line":108},"11":{"loc":{"start":{"line":144,"column":21},"end":{"line":144,"column":null}},"type":"cond-expr","locations":[{"start":{"line":144,"column":37},"end":{"line":144,"column":52}},{"start":{"line":144,"column":52},"end":{"line":144,"column":null}}],"line":144}},"s":{"0":0,"1":0,"2":0,"3":0,"4":0,"5":0,"6":0,"7":0,"8":0,"9":0,"10":0,"11":0,"12":0,"13":0,"14":0,"15":0,"16":0,"17":0,"18":0,"19":0,"20":0,"21":0,"22":0,"23":0,"24":0,"25":0,"26":0,"27":0,"28":0,"29":0,"30":0,"31":0,"32":0,"33":0,"34":0,"35":0,"36":0,"37":0,"38":0,"39":0,"40":0,"41":0,"42":0,"43":0,"44":0,"45":0,"46":0,"47":0,"48":0,"49":0,"50":0,"51":0,"52":0,"53":0,"54":0,"55":0,"56":0},"f":{"0":0,"1":0,"2":0,"3":0,"4":0},"b":{"0":[0,0],"1":[0,0],"2":[0,0],"3":[0,0],"4":[0,0],"5":[0,0],"6":[0,0],"7":[0,0],"8":[0,0],"9":[0,0],"10":[0,0],"11":[0,0]},"meta":{"lastBranch":12,"lastFunction":5,"lastStatement":57,"seen":{"s:8:6:8:Infinity":0,"s:9:18:9:Infinity":1,"f:40:15:40:28":0,"s:41:19:41:Infinity":2,"s:43:20:43:Infinity":3,"s:44:25:44:Infinity":4,"b:47:2:50:Infinity:undefined:undefined:undefined:undefined":0,"s:47:2:50:Infinity":5,"s:48:4:48:Infinity":6,"s:49:4:49:Infinity":7,"b:53:2:53:Infinity:undefined:undefined:undefined:undefined":1,"s:53:2:53:Infinity":8,"s:53:33:53:Infinity":9,"b:54:2:54:Infinity:undefined:undefined:undefined:undefined":2,"s:54:2:54:Infinity":10,"s:54:38:54:Infinity":11,"s:57:16:57:Infinity":12,"f:57:48:57:56":1,"s:57:56:57:76":13,"b:59:2:63:Infinity:undefined:undefined:undefined:undefined":3,"s:59:2:63:Infinity":14,"s:60:4:60:Infinity":15,"s:61:4:61:Infinity":16,"s:62:4:62:Infinity":17,"s:65:24:65:Infinity":18,"s:67:2:102:Infinity":19,"s:68:21:68:Infinity":20,"s:69:24:69:Infinity":21,"s:70:26:70:Infinity":22,"s:71:24:71:Infinity":23,"b:73:4:73:Infinity:undefined:undefined:undefined:undefined":4,"s:73:4:73:Infinity":24,"s:73:27:73:Infinity":25,"s:75:17:75:Infinity":26,"s:76:20:76:Infinity":27,"s:77:10:83:Infinity":28,"s:85:23:93:Infinity":29,"b:90:12:90:32:90:32:90:Infinity":5,"b:91:14:91:36:91:36:91:Infinity":6,"s:95:4:95:Infinity":30,"s:98:4:101:Infinity":31,"s:105:2:112:Infinity":32,"f:105:13:105:14":2,"b:107:4:107:Infinity:undefined:undefined:undefined:undefined":7,"s:107:4:107:Infinity":33,"b:107:8:107:20:107:20:107:31":8,"s:107:31:107:Infinity":34,"b:108:4:108:Infinity:undefined:undefined:undefined:undefined":9,"s:108:4:108:Infinity":35,"b:108:8:108:21:108:21:108:31":10,"s:108:31:108:Infinity":36,"s:111:4:111:Infinity":37,"s:116:35:116:Infinity":38,"f:116:45:116:46":3,"s:116:84:116:91":39,"s:119:20:119:Infinity":40,"s:120:21:120:Infinity":41,"s:131:2:149:Infinity":42,"s:131:15:131:18":43,"s:132:20:132:Infinity":44,"s:133:18:133:Infinity":45,"s:135:21:142:Infinity":46,"s:144:21:144:Infinity":47,"b:144:37:144:52:144:52:144:Infinity":11,"s:145:4:148:Infinity":48,"s:157:2:160:Infinity":49,"s:162:2:162:Infinity":50,"s:163:2:163:Infinity":51,"s:164:2:164:Infinity":52,"s:165:2:165:Infinity":53,"s:168:0:171:Infinity":54,"f:168:19:168:26":4,"s:169:2:169:Infinity":55,"s:170:2:170:Infinity":56}}}
,"/Users/adusingi/Documents/Code/adusingi-web/src/components/newsletter-form.ts": {"path":"/Users/adusingi/Documents/Code/adusingi-web/src/components/newsletter-form.ts","statementMap":{"0":{"start":{"line":2,"column":15},"end":{"line":2,"column":null}},"1":{"start":{"line":3,"column":16},"end":{"line":3,"column":null}},"2":{"start":{"line":4,"column":17},"end":{"line":4,"column":null}},"3":{"start":{"line":5,"column":18},"end":{"line":5,"column":null}},"4":{"start":{"line":7,"column":2},"end":{"line":10,"column":null}},"5":{"start":{"line":8,"column":4},"end":{"line":8,"column":null}},"6":{"start":{"line":9,"column":4},"end":{"line":9,"column":null}},"7":{"start":{"line":12,"column":2},"end":{"line":67,"column":null}},"8":{"start":{"line":13,"column":4},"end":{"line":13,"column":null}},"9":{"start":{"line":15,"column":18},"end":{"line":15,"column":null}},"10":{"start":{"line":18,"column":4},"end":{"line":18,"column":null}},"11":{"start":{"line":19,"column":4},"end":{"line":19,"column":null}},"12":{"start":{"line":22,"column":4},"end":{"line":25,"column":null}},"13":{"start":{"line":23,"column":6},"end":{"line":23,"column":null}},"14":{"start":{"line":24,"column":6},"end":{"line":24,"column":null}},"15":{"start":{"line":27,"column":4},"end":{"line":30,"column":null}},"16":{"start":{"line":28,"column":6},"end":{"line":28,"column":null}},"17":{"start":{"line":29,"column":6},"end":{"line":29,"column":null}},"18":{"start":{"line":33,"column":4},"end":{"line":33,"column":null}},"19":{"start":{"line":34,"column":31},"end":{"line":34,"column":null}},"20":{"start":{"line":35,"column":4},"end":{"line":35,"column":null}},"21":{"start":{"line":36,"column":4},"end":{"line":36,"column":null}},"22":{"start":{"line":38,"column":4},"end":{"line":66,"column":null}},"23":{"start":{"line":39,"column":23},"end":{"line":43,"column":null}},"24":{"start":{"line":46,"column":6},"end":{"line":49,"column":null}},"25":{"start":{"line":47,"column":8},"end":{"line":47,"column":null}},"26":{"start":{"line":48,"column":8},"end":{"line":48,"column":null}},"27":{"start":{"line":51,"column":19},"end":{"line":51,"column":null}},"28":{"start":{"line":53,"column":6},"end":{"line":58,"column":null}},"29":{"start":{"line":54,"column":8},"end":{"line":54,"column":null}},"30":{"start":{"line":55,"column":8},"end":{"line":55,"column":null}},"31":{"start":{"line":57,"column":8},"end":{"line":57,"column":null}},"32":{"start":{"line":60,"column":6},"end":{"line":60,"column":null}},"33":{"start":{"line":61,"column":6},"end":{"line":61,"column":null}},"34":{"start":{"line":63,"column":6},"end":{"line":63,"column":null}},"35":{"start":{"line":64,"column":6},"end":{"line":64,"column":null}},"36":{"start":{"line":65,"column":6},"end":{"line":65,"column":null}},"37":{"start":{"line":70,"column":4},"end":{"line":70,"column":null}},"38":{"start":{"line":71,"column":4},"end":{"line":73,"column":null}},"39":{"start":{"line":77,"column":18},"end":{"line":77,"column":null}},"40":{"start":{"line":78,"column":4},"end":{"line":78,"column":null}}},"fnMap":{"0":{"name":"initNewsletterForm","decl":{"start":{"line":1,"column":16},"end":{"line":1,"column":37}},"loc":{"start":{"line":1,"column":37},"end":{"line":80,"column":null}},"line":1},"1":{"name":"(anonymous_1)","decl":{"start":{"line":12,"column":34},"end":{"line":12,"column":41}},"loc":{"start":{"line":12,"column":47},"end":{"line":67,"column":3}},"line":12},"2":{"name":"showMessage","decl":{"start":{"line":69,"column":11},"end":{"line":69,"column":23}},"loc":{"start":{"line":69,"column":64},"end":{"line":74,"column":null}},"line":69},"3":{"name":"isValidEmail","decl":{"start":{"line":76,"column":11},"end":{"line":76,"column":24}},"loc":{"start":{"line":76,"column":48},"end":{"line":79,"column":null}},"line":76}},"branchMap":{"0":{"loc":{"start":{"line":7,"column":2},"end":{"line":10,"column":null}},"type":"if","locations":[{"start":{"line":7,"column":2},"end":{"line":10,"column":null}},{"start":{},"end":{}}],"line":7},"1":{"loc":{"start":{"line":7,"column":6},"end":{"line":7,"column":46}},"type":"binary-expr","locations":[{"start":{"line":7,"column":6},"end":{"line":7,"column":15}},{"start":{"line":7,"column":15},"end":{"line":7,"column":25}},{"start":{"line":7,"column":25},"end":{"line":7,"column":36}},{"start":{"line":7,"column":36},"end":{"line":7,"column":46}}],"line":7},"2":{"loc":{"start":{"line":22,"column":4},"end":{"line":25,"column":null}},"type":"if","locations":[{"start":{"line":22,"column":4},"end":{"line":25,"column":null}},{"start":{},"end":{}}],"line":22},"3":{"loc":{"start":{"line":27,"column":4},"end":{"line":30,"column":null}},"type":"if","locations":[{"start":{"line":27,"column":4},"end":{"line":30,"column":null}},{"start":{},"end":{}}],"line":27},"4":{"loc":{"start":{"line":46,"column":6},"end":{"line":49,"column":null}},"type":"if","locations":[{"start":{"line":46,"column":6},"end":{"line":49,"column":null}},{"start":{},"end":{}}],"line":46},"5":{"loc":{"start":{"line":53,"column":6},"end":{"line":58,"column":null}},"type":"if","locations":[{"start":{"line":53,"column":6},"end":{"line":58,"column":null}},{"start":{"line":56,"column":13},"end":{"line":58,"column":null}}],"line":53},"6":{"loc":{"start":{"line":54,"column":20},"end":{"line":54,"column":84}},"type":"binary-expr","locations":[{"start":{"line":54,"column":20},"end":{"line":54,"column":36}},{"start":{"line":54,"column":36},"end":{"line":54,"column":84}}],"line":54},"7":{"loc":{"start":{"line":57,"column":20},"end":{"line":57,"column":77}},"type":"binary-expr","locations":[{"start":{"line":57,"column":20},"end":{"line":57,"column":34}},{"start":{"line":57,"column":34},"end":{"line":57,"column":77}}],"line":57},"8":{"loc":{"start":{"line":71,"column":24},"end":{"line":73,"column":null}},"type":"cond-expr","locations":[{"start":{"line":72,"column":8},"end":{"line":72,"column":null}},{"start":{"line":73,"column":8},"end":{"line":73,"column":null}}],"line":71}},"s":{"0":10,"1":10,"2":10,"3":10,"4":10,"5":1,"6":1,"7":9,"8":8,"9":8,"10":8,"11":8,"12":8,"13":1,"14":1,"15":7,"16":1,"17":1,"18":6,"19":6,"20":6,"21":6,"22":6,"23":6,"24":5,"25":1,"26":1,"27":4,"28":4,"29":3,"30":3,"31":1,"32":1,"33":1,"34":6,"35":6,"36":6,"37":8,"38":8,"39":7,"40":7},"f":{"0":10,"1":8,"2":8,"3":7},"b":{"0":[1,9],"1":[10,9,9,9],"2":[1,7],"3":[1,6],"4":[1,4],"5":[3,1],"6":[3,0],"7":[1,0],"8":[3,5]},"meta":{"lastBranch":9,"lastFunction":4,"lastStatement":41,"seen":{"f:1:16:1:37":0,"s:2:15:2:Infinity":0,"s:3:16:3:Infinity":1,"s:4:17:4:Infinity":2,"s:5:18:5:Infinity":3,"b:7:2:10:Infinity:undefined:undefined:undefined:undefined":0,"s:7:2:10:Infinity":4,"b:7:6:7:15:7:15:7:25:7:25:7:36:7:36:7:46":1,"s:8:4:8:Infinity":5,"s:9:4:9:Infinity":6,"s:12:2:67:Infinity":7,"f:12:34:12:41":1,"s:13:4:13:Infinity":8,"s:15:18:15:Infinity":9,"s:18:4:18:Infinity":10,"s:19:4:19:Infinity":11,"b:22:4:25:Infinity:undefined:undefined:undefined:undefined":2,"s:22:4:25:Infinity":12,"s:23:6:23:Infinity":13,"s:24:6:24:Infinity":14,"b:27:4:30:Infinity:undefined:undefined:undefined:undefined":3,"s:27:4:30:Infinity":15,"s:28:6:28:Infinity":16,"s:29:6:29:Infinity":17,"s:33:4:33:Infinity":18,"s:34:31:34:Infinity":19,"s:35:4:35:Infinity":20,"s:36:4:36:Infinity":21,"s:38:4:66:Infinity":22,"s:39:23:43:Infinity":23,"b:46:6:49:Infinity:undefined:undefined:undefined:undefined":4,"s:46:6:49:Infinity":24,"s:47:8:47:Infinity":25,"s:48:8:48:Infinity":26,"s:51:19:51:Infinity":27,"b:53:6:58:Infinity:56:13:58:Infinity":5,"s:53:6:58:Infinity":28,"s:54:8:54:Infinity":29,"b:54:20:54:36:54:36:54:84":6,"s:55:8:55:Infinity":30,"s:57:8:57:Infinity":31,"b:57:20:57:34:57:34:57:77":7,"s:60:6:60:Infinity":32,"s:61:6:61:Infinity":33,"s:63:6:63:Infinity":34,"s:64:6:64:Infinity":35,"s:65:6:65:Infinity":36,"f:69:11:69:23":2,"s:70:4:70:Infinity":37,"s:71:4:73:Infinity":38,"b:72:8:72:Infinity:73:8:73:Infinity":8,"f:76:11:76:24":3,"s:77:18:77:Infinity":39,"s:78:4:78:Infinity":40}}}
,"/Users/adusingi/Documents/Code/adusingi-web/src/lib/ui.ts": {"path":"/Users/adusingi/Documents/Code/adusingi-web/src/lib/ui.ts","statementMap":{"0":{"start":{"line":6,"column":20},"end":{"line":6,"column":null}},"1":{"start":{"line":7,"column":23},"end":{"line":7,"column":null}},"2":{"start":{"line":8,"column":24},"end":{"line":8,"column":null}},"3":{"start":{"line":10,"column":4},"end":{"line":13,"column":null}},"4":{"start":{"line":11,"column":8},"end":{"line":11,"column":null}},"5":{"start":{"line":12,"column":8},"end":{"line":12,"column":null}},"6":{"start":{"line":16,"column":23},"end":{"line":26,"column":null}},"7":{"start":{"line":17,"column":8},"end":{"line":17,"column":null}},"8":{"start":{"line":18,"column":25},"end":{"line":18,"column":null}},"9":{"start":{"line":19,"column":8},"end":{"line":25,"column":null}},"10":{"start":{"line":20,"column":12},"end":{"line":20,"column":null}},"11":{"start":{"line":21,"column":12},"end":{"line":21,"column":null}},"12":{"start":{"line":23,"column":12},"end":{"line":23,"column":null}},"13":{"start":{"line":24,"column":12},"end":{"line":24,"column":null}},"14":{"start":{"line":28,"column":22},"end":{"line":31,"column":null}},"15":{"start":{"line":29,"column":8},"end":{"line":29,"column":null}},"16":{"start":{"line":30,"column":8},"end":{"line":30,"column":null}},"17":{"start":{"line":34,"column":4},"end":{"line":34,"column":null}},"18":{"start":{"line":34,"column":29},"end":{"line":34,"column":null}},"19":{"start":{"line":36,"column":4},"end":{"line":40,"column":null}},"20":{"start":{"line":39,"column":8},"end":{"line":39,"column":null}},"21":{"start":{"line":43,"column":31},"end":{"line":48,"column":null}},"22":{"start":{"line":44,"column":23},"end":{"line":44,"column":null}},"23":{"start":{"line":45,"column":8},"end":{"line":47,"column":null}},"24":{"start":{"line":46,"column":12},"end":{"line":46,"column":null}},"25":{"start":{"line":53,"column":4},"end":{"line":53,"column":null}},"26":{"start":{"line":61,"column":20},"end":{"line":61,"column":null}},"27":{"start":{"line":64,"column":18},"end":{"line":64,"column":null}},"28":{"start":{"line":65,"column":21},"end":{"line":65,"column":null}},"29":{"start":{"line":66,"column":18},"end":{"line":66,"column":null}},"30":{"start":{"line":67,"column":21},"end":{"line":67,"column":null}},"31":{"start":{"line":68,"column":19},"end":{"line":68,"column":null}},"32":{"start":{"line":71,"column":21},"end":{"line":71,"column":null}},"33":{"start":{"line":72,"column":24},"end":{"line":72,"column":null}},"34":{"start":{"line":74,"column":4},"end":{"line":74,"column":null}},"35":{"start":{"line":74,"column":18},"end":{"line":74,"column":null}},"36":{"start":{"line":76,"column":4},"end":{"line":93,"column":null}},"37":{"start":{"line":78,"column":25},"end":{"line":78,"column":null}},"38":{"start":{"line":80,"column":8},"end":{"line":92,"column":null}},"39":{"start":{"line":82,"column":12},"end":{"line":82,"column":null}},"40":{"start":{"line":85,"column":12},"end":{"line":85,"column":null}},"41":{"start":{"line":87,"column":12},"end":{"line":90,"column":null}},"42":{"start":{"line":88,"column":16},"end":{"line":88,"column":null}},"43":{"start":{"line":89,"column":16},"end":{"line":89,"column":null}},"44":{"start":{"line":91,"column":12},"end":{"line":91,"column":null}},"45":{"start":{"line":95,"column":22},"end":{"line":107,"column":null}},"46":{"start":{"line":96,"column":8},"end":{"line":96,"column":null}},"47":{"start":{"line":96,"column":54},"end":{"line":96,"column":null}},"48":{"start":{"line":98,"column":8},"end":{"line":98,"column":null}},"49":{"start":{"line":100,"column":8},"end":{"line":104,"column":null}},"50":{"start":{"line":101,"column":12},"end":{"line":101,"column":null}},"51":{"start":{"line":102,"column":12},"end":{"line":102,"column":null}},"52":{"start":{"line":103,"column":12},"end":{"line":103,"column":null}},"53":{"start":{"line":105,"column":8},"end":{"line":105,"column":null}},"54":{"start":{"line":106,"column":8},"end":{"line":106,"column":null}},"55":{"start":{"line":109,"column":23},"end":{"line":121,"column":null}},"56":{"start":{"line":110,"column":8},"end":{"line":110,"column":null}},"57":{"start":{"line":110,"column":54},"end":{"line":110,"column":null}},"58":{"start":{"line":112,"column":8},"end":{"line":112,"column":null}},"59":{"start":{"line":113,"column":8},"end":{"line":113,"column":null}},"60":{"start":{"line":114,"column":8},"end":{"line":114,"column":null}},"61":{"start":{"line":116,"column":8},"end":{"line":120,"column":null}},"62":{"start":{"line":117,"column":12},"end":{"line":117,"column":null}},"63":{"start":{"line":118,"column":12},"end":{"line":118,"column":null}},"64":{"start":{"line":119,"column":12},"end":{"line":119,"column":null}},"65":{"start":{"line":123,"column":4},"end":{"line":125,"column":null}},"66":{"start":{"line":124,"column":8},"end":{"line":124,"column":null}},"67":{"start":{"line":128,"column":4},"end":{"line":137,"column":null}},"68":{"start":{"line":129,"column":8},"end":{"line":136,"column":null}},"69":{"start":{"line":130,"column":12},"end":{"line":130,"column":null}},"70":{"start":{"line":130,"column":47},"end":{"line":130,"column":null}},"71":{"start":{"line":131,"column":12},"end":{"line":135,"column":null}},"72":{"start":{"line":132,"column":16},"end":{"line":134,"column":null}},"73":{"start":{"line":133,"column":20},"end":{"line":133,"column":null}},"74":{"start":{"line":140,"column":4},"end":{"line":144,"column":null}},"75":{"start":{"line":141,"column":8},"end":{"line":143,"column":null}},"76":{"start":{"line":142,"column":12},"end":{"line":142,"column":null}}},"fnMap":{"0":{"name":"setupMobileMenu","decl":{"start":{"line":5,"column":16},"end":{"line":5,"column":34}},"loc":{"start":{"line":5,"column":34},"end":{"line":54,"column":null}},"line":5},"1":{"name":"(anonymous_1)","decl":{"start":{"line":16,"column":23},"end":{"line":16,"column":24}},"loc":{"start":{"line":16,"column":42},"end":{"line":26,"column":null}},"line":16},"2":{"name":"(anonymous_2)","decl":{"start":{"line":28,"column":22},"end":{"line":28,"column":28}},"loc":{"start":{"line":28,"column":28},"end":{"line":31,"column":null}},"line":28},"3":{"name":"(anonymous_3)","decl":{"start":{"line":34,"column":22},"end":{"line":34,"column":23}},"loc":{"start":{"line":34,"column":29},"end":{"line":34,"column":null}},"line":34},"4":{"name":"(anonymous_4)","decl":{"start":{"line":36,"column":24},"end":{"line":36,"column":32}},"loc":{"start":{"line":36,"column":32},"end":{"line":40,"column":5}},"line":36},"5":{"name":"(anonymous_5)","decl":{"start":{"line":43,"column":31},"end":{"line":43,"column":32}},"loc":{"start":{"line":43,"column":50},"end":{"line":48,"column":null}},"line":43},"6":{"name":"setupVideoModal","decl":{"start":{"line":56,"column":16},"end":{"line":56,"column":34}},"loc":{"start":{"line":56,"column":34},"end":{"line":145,"column":null}},"line":56},"7":{"name":"(anonymous_7)","decl":{"start":{"line":76,"column":38},"end":{"line":76,"column":39}},"loc":{"start":{"line":76,"column":45},"end":{"line":93,"column":5}},"line":76},"8":{"name":"(anonymous_8)","decl":{"start":{"line":95,"column":22},"end":{"line":95,"column":28}},"loc":{"start":{"line":95,"column":28},"end":{"line":107,"column":null}},"line":95},"9":{"name":"(anonymous_9)","decl":{"start":{"line":100,"column":19},"end":{"line":100,"column":25}},"loc":{"start":{"line":100,"column":25},"end":{"line":104,"column":11}},"line":100},"10":{"name":"(anonymous_10)","decl":{"start":{"line":109,"column":23},"end":{"line":109,"column":29}},"loc":{"start":{"line":109,"column":29},"end":{"line":121,"column":null}},"line":109},"11":{"name":"(anonymous_11)","decl":{"start":{"line":116,"column":19},"end":{"line":116,"column":25}},"loc":{"start":{"line":116,"column":25},"end":{"line":120,"column":11}},"line":116},"12":{"name":"(anonymous_12)","decl":{"start":{"line":129,"column":40},"end":{"line":129,"column":41}},"loc":{"start":{"line":129,"column":47},"end":{"line":136,"column":9}},"line":129},"13":{"name":"(anonymous_13)","decl":{"start":{"line":140,"column":41},"end":{"line":140,"column":42}},"loc":{"start":{"line":140,"column":48},"end":{"line":144,"column":5}},"line":140}},"branchMap":{"0":{"loc":{"start":{"line":10,"column":4},"end":{"line":13,"column":null}},"type":"if","locations":[{"start":{"line":10,"column":4},"end":{"line":13,"column":null}},{"start":{},"end":{}}],"line":10},"1":{"loc":{"start":{"line":10,"column":8},"end":{"line":10,"column":33}},"type":"binary-expr","locations":[{"start":{"line":10,"column":8},"end":{"line":10,"column":20}},{"start":{"line":10,"column":20},"end":{"line":10,"column":33}}],"line":10},"2":{"loc":{"start":{"line":19,"column":8},"end":{"line":25,"column":null}},"type":"if","locations":[{"start":{"line":19,"column":8},"end":{"line":25,"column":null}},{"start":{"line":22,"column":15},"end":{"line":25,"column":null}}],"line":19},"3":{"loc":{"start":{"line":45,"column":8},"end":{"line":47,"column":null}},"type":"if","locations":[{"start":{"line":45,"column":8},"end":{"line":47,"column":null}},{"start":{},"end":{}}],"line":45},"4":{"loc":{"start":{"line":45,"column":12},"end":{"line":45,"column":115}},"type":"binary-expr","locations":[{"start":{"line":45,"column":12},"end":{"line":45,"column":41}},{"start":{"line":45,"column":41},"end":{"line":45,"column":73}},{"start":{"line":45,"column":73},"end":{"line":45,"column":115}}],"line":45},"5":{"loc":{"start":{"line":74,"column":4},"end":{"line":74,"column":null}},"type":"if","locations":[{"start":{"line":74,"column":4},"end":{"line":74,"column":null}},{"start":{},"end":{}}],"line":74},"6":{"loc":{"start":{"line":80,"column":8},"end":{"line":92,"column":null}},"type":"if","locations":[{"start":{"line":80,"column":8},"end":{"line":92,"column":null}},{"start":{"line":83,"column":15},"end":{"line":92,"column":null}}],"line":80},"7":{"loc":{"start":{"line":87,"column":12},"end":{"line":90,"column":null}},"type":"if","locations":[{"start":{"line":87,"column":12},"end":{"line":90,"column":null}},{"start":{},"end":{}}],"line":87},"8":{"loc":{"start":{"line":87,"column":16},"end":{"line":87,"column":71}},"type":"binary-expr","locations":[{"start":{"line":87,"column":16},"end":{"line":87,"column":26}},{"start":{"line":87,"column":26},"end":{"line":87,"column":39}},{"start":{"line":87,"column":39},"end":{"line":87,"column":49}},{"start":{"line":87,"column":49},"end":{"line":87,"column":62}},{"start":{"line":87,"column":62},"end":{"line":87,"column":71}}],"line":87},"9":{"loc":{"start":{"line":96,"column":8},"end":{"line":96,"column":null}},"type":"if","locations":[{"start":{"line":96,"column":8},"end":{"line":96,"column":null}},{"start":{},"end":{}}],"line":96},"10":{"loc":{"start":{"line":96,"column":12},"end":{"line":96,"column":54}},"type":"binary-expr","locations":[{"start":{"line":96,"column":12},"end":{"line":96,"column":22}},{"start":{"line":96,"column":22},"end":{"line":96,"column":35}},{"start":{"line":96,"column":35},"end":{"line":96,"column":45}},{"start":{"line":96,"column":45},"end":{"line":96,"column":54}}],"line":96},"11":{"loc":{"start":{"line":110,"column":8},"end":{"line":110,"column":null}},"type":"if","locations":[{"start":{"line":110,"column":8},"end":{"line":110,"column":null}},{"start":{},"end":{}}],"line":110},"12":{"loc":{"start":{"line":110,"column":12},"end":{"line":110,"column":54}},"type":"binary-expr","locations":[{"start":{"line":110,"column":12},"end":{"line":110,"column":22}},{"start":{"line":110,"column":22},"end":{"line":110,"column":35}},{"start":{"line":110,"column":35},"end":{"line":110,"column":45}},{"start":{"line":110,"column":45},"end":{"line":110,"column":54}}],"line":110},"13":{"loc":{"start":{"line":123,"column":4},"end":{"line":125,"column":null}},"type":"if","locations":[{"start":{"line":123,"column":4},"end":{"line":125,"column":null}},{"start":{},"end":{}}],"line":123},"14":{"loc":{"start":{"line":128,"column":4},"end":{"line":137,"column":null}},"type":"if","locations":[{"start":{"line":128,"column":4},"end":{"line":137,"column":null}},{"start":{},"end":{}}],"line":128},"15":{"loc":{"start":{"line":130,"column":12},"end":{"line":130,"column":null}},"type":"if","locations":[{"start":{"line":130,"column":12},"end":{"line":130,"column":null}},{"start":{},"end":{}}],"line":130},"16":{"loc":{"start":{"line":130,"column":16},"end":{"line":130,"column":47}},"type":"binary-expr","locations":[{"start":{"line":130,"column":16},"end":{"line":130,"column":26}},{"start":{"line":130,"column":26},"end":{"line":130,"column":39}},{"start":{"line":130,"column":39},"end":{"line":130,"column":47}}],"line":130},"17":{"loc":{"start":{"line":131,"column":12},"end":{"line":135,"column":null}},"type":"if","locations":[{"start":{"line":131,"column":12},"end":{"line":135,"column":null}},{"start":{},"end":{}}],"line":131},"18":{"loc":{"start":{"line":131,"column":16},"end":{"line":131,"column":107}},"type":"binary-expr","locations":[{"start":{"line":131,"column":16},"end":{"line":131,"column":38}},{"start":{"line":131,"column":38},"end":{"line":131,"column":64}},{"start":{"line":131,"column":64},"end":{"line":131,"column":107}}],"line":131},"19":{"loc":{"start":{"line":132,"column":16},"end":{"line":134,"column":null}},"type":"if","locations":[{"start":{"line":132,"column":16},"end":{"line":134,"column":null}},{"start":{},"end":{}}],"line":132},"20":{"loc":{"start":{"line":141,"column":8},"end":{"line":143,"column":null}},"type":"if","locations":[{"start":{"line":141,"column":8},"end":{"line":143,"column":null}},{"start":{},"end":{}}],"line":141},"21":{"loc":{"start":{"line":141,"column":12},"end":{"line":141,"column":80}},"type":"binary-expr","locations":[{"start":{"line":141,"column":12},"end":{"line":141,"column":34}},{"start":{"line":141,"column":34},"end":{"line":141,"column":43}},{"start":{"line":141,"column":43},"end":{"line":141,"column":80}}],"line":141}},"s":{"0":8,"1":8,"2":8,"3":8,"4":2,"5":2,"6":6,"7":8,"8":8,"9":8,"10":6,"11":6,"12":2,"13":2,"14":6,"15":5,"16":5,"17":6,"18":8,"19":6,"20":12,"21":6,"22":58,"23":58,"24":2,"25":6,"26":0,"27":0,"28":0,"29":0,"30":0,"31":0,"32":0,"33":0,"34":0,"35":0,"36":0,"37":0,"38":0,"39":0,"40":0,"41":0,"42":0,"43":0,"44":0,"45":0,"46":0,"47":0,"48":0,"49":0,"50":0,"51":0,"52":0,"53":0,"54":0,"55":0,"56":0,"57":0,"58":0,"59":0,"60":0,"61":0,"62":0,"63":0,"64":0,"65":0,"66":0,"67":0,"68":0,"69":0,"70":0,"71":0,"72":0,"73":0,"74":0,"75":0,"76":0},"f":{"0":8,"1":8,"2":5,"3":8,"4":12,"5":58,"6":0,"7":0,"8":0,"9":0,"10":0,"11":0,"12":0,"13":0},"b":{"0":[2,6],"1":[8,7],"2":[6,2],"3":[2,56],"4":[58,50,49],"5":[0,0],"6":[0,0],"7":[0,0],"8":[0,0,0,0,0],"9":[0,0],"10":[0,0,0,0],"11":[0,0],"12":[0,0,0,0],"13":[0,0],"14":[0,0],"15":[0,0],"16":[0,0,0],"17":[0,0],"18":[0,0,0],"19":[0,0],"20":[0,0],"21":[0,0,0]},"meta":{"lastBranch":22,"lastFunction":14,"lastStatement":77,"seen":{"f:5:16:5:34":0,"s:6:20:6:Infinity":0,"s:7:23:7:Infinity":1,"s:8:24:8:Infinity":2,"b:10:4:13:Infinity:undefined:undefined:undefined:undefined":0,"s:10:4:13:Infinity":3,"b:10:8:10:20:10:20:10:33":1,"s:11:8:11:Infinity":4,"s:12:8:12:Infinity":5,"s:16:23:26:Infinity":6,"f:16:23:16:24":1,"s:17:8:17:Infinity":7,"s:18:25:18:Infinity":8,"b:19:8:25:Infinity:22:15:25:Infinity":2,"s:19:8:25:Infinity":9,"s:20:12:20:Infinity":10,"s:21:12:21:Infinity":11,"s:23:12:23:Infinity":12,"s:24:12:24:Infinity":13,"s:28:22:31:Infinity":14,"f:28:22:28:28":2,"s:29:8:29:Infinity":15,"s:30:8:30:Infinity":16,"s:34:4:34:Infinity":17,"f:34:22:34:23":3,"s:34:29:34:Infinity":18,"s:36:4:40:Infinity":19,"f:36:24:36:32":4,"s:39:8:39:Infinity":20,"s:43:31:48:Infinity":21,"f:43:31:43:32":5,"s:44:23:44:Infinity":22,"b:45:8:47:Infinity:undefined:undefined:undefined:undefined":3,"s:45:8:47:Infinity":23,"b:45:12:45:41:45:41:45:73:45:73:45:115":4,"s:46:12:46:Infinity":24,"s:53:4:53:Infinity":25,"f:56:16:56:34":6,"s:61:20:61:Infinity":26,"s:64:18:64:Infinity":27,"s:65:21:65:Infinity":28,"s:66:18:66:Infinity":29,"s:67:21:67:Infinity":30,"s:68:19:68:Infinity":31,"s:71:21:71:Infinity":32,"s:72:24:72:Infinity":33,"b:74:4:74:Infinity:undefined:undefined:undefined:undefined":5,"s:74:4:74:Infinity":34,"s:74:18:74:Infinity":35,"s:76:4:93:Infinity":36,"f:76:38:76:39":7,"s:78:25:78:Infinity":37,"b:80:8:92:Infinity:83:15:92:Infinity":6,"s:80:8:92:Infinity":38,"s:82:12:82:Infinity":39,"s:85:12:85:Infinity":40,"b:87:12:90:Infinity:undefined:undefined:undefined:undefined":7,"s:87:12:90:Infinity":41,"b:87:16:87:26:87:26:87:39:87:39:87:49:87:49:87:62:87:62:87:71":8,"s:88:16:88:Infinity":42,"s:89:16:89:Infinity":43,"s:91:12:91:Infinity":44,"s:95:22:107:Infinity":45,"f:95:22:95:28":8,"b:96:8:96:Infinity:undefined:undefined:undefined:undefined":9,"s:96:8:96:Infinity":46,"b:96:12:96:22:96:22:96:35:96:35:96:45:96:45:96:54":10,"s:96:54:96:Infinity":47,"s:98:8:98:Infinity":48,"s:100:8:104:Infinity":49,"f:100:19:100:25":9,"s:101:12:101:Infinity":50,"s:102:12:102:Infinity":51,"s:103:12:103:Infinity":52,"s:105:8:105:Infinity":53,"s:106:8:106:Infinity":54,"s:109:23:121:Infinity":55,"f:109:23:109:29":10,"b:110:8:110:Infinity:undefined:undefined:undefined:undefined":11,"s:110:8:110:Infinity":56,"b:110:12:110:22:110:22:110:35:110:35:110:45:110:45:110:54":12,"s:110:54:110:Infinity":57,"s:112:8:112:Infinity":58,"s:113:8:113:Infinity":59,"s:114:8:114:Infinity":60,"s:116:8:120:Infinity":61,"f:116:19:116:25":11,"s:117:12:117:Infinity":62,"s:118:12:118:Infinity":63,"s:119:12:119:Infinity":64,"b:123:4:125:Infinity:undefined:undefined:undefined:undefined":13,"s:123:4:125:Infinity":65,"s:124:8:124:Infinity":66,"b:128:4:137:Infinity:undefined:undefined:undefined:undefined":14,"s:128:4:137:Infinity":67,"s:129:8:136:Infinity":68,"f:129:40:129:41":12,"b:130:12:130:Infinity:undefined:undefined:undefined:undefined":15,"s:130:12:130:Infinity":69,"b:130:16:130:26:130:26:130:39:130:39:130:47":16,"s:130:47:130:Infinity":70,"b:131:12:135:Infinity:undefined:undefined:undefined:undefined":17,"s:131:12:135:Infinity":71,"b:131:16:131:38:131:38:131:64:131:64:131:107":18,"b:132:16:134:Infinity:undefined:undefined:undefined:undefined":19,"s:132:16:134:Infinity":72,"s:133:20:133:Infinity":73,"s:140:4:144:Infinity":74,"f:140:41:140:42":13,"b:141:8:143:Infinity:undefined:undefined:undefined:undefined":20,"s:141:8:143:Infinity":75,"b:141:12:141:34:141:34:141:43:141:43:141:80":21,"s:142:12:142:Infinity":76}}}
,"/Users/adusingi/Documents/Code/adusingi-web/src/lib/utils.ts": {"path":"/Users/adusingi/Documents/Code/adusingi-web/src/lib/utils.ts","statementMap":{"0":{"start":{"line":5,"column":17},"end":{"line":5,"column":null}},"1":{"start":{"line":6,"column":4},"end":{"line":10,"column":null}},"2":{"start":{"line":17,"column":18},"end":{"line":17,"column":null}},"3":{"start":{"line":18,"column":4},"end":{"line":18,"column":null}},"4":{"start":{"line":25,"column":4},"end":{"line":25,"column":null}},"5":{"start":{"line":25,"column":39},"end":{"line":25,"column":null}},"6":{"start":{"line":28,"column":19},"end":{"line":28,"column":null}},"7":{"start":{"line":29,"column":22},"end":{"line":29,"column":null}},"8":{"start":{"line":30,"column":4},"end":{"line":30,"column":null}},"9":{"start":{"line":30,"column":19},"end":{"line":30,"column":null}},"10":{"start":{"line":33,"column":17},"end":{"line":33,"column":null}},"11":{"start":{"line":34,"column":18},"end":{"line":34,"column":null}},"12":{"start":{"line":35,"column":4},"end":{"line":35,"column":null}}},"fnMap":{"0":{"name":"formatDate","decl":{"start":{"line":4,"column":16},"end":{"line":4,"column":27}},"loc":{"start":{"line":4,"column":55},"end":{"line":11,"column":null}},"line":4},"1":{"name":"isValidEmail","decl":{"start":{"line":16,"column":16},"end":{"line":16,"column":29}},"loc":{"start":{"line":16,"column":53},"end":{"line":19,"column":null}},"line":16},"2":{"name":"getSlugFromUrl","decl":{"start":{"line":24,"column":16},"end":{"line":24,"column":48}},"loc":{"start":{"line":24,"column":48},"end":{"line":36,"column":null}},"line":24}},"branchMap":{"0":{"loc":{"start":{"line":25,"column":4},"end":{"line":25,"column":null}},"type":"if","locations":[{"start":{"line":25,"column":4},"end":{"line":25,"column":null}},{"start":{},"end":{}}],"line":25},"1":{"loc":{"start":{"line":30,"column":4},"end":{"line":30,"column":null}},"type":"if","locations":[{"start":{"line":30,"column":4},"end":{"line":30,"column":null}},{"start":{},"end":{}}],"line":30},"2":{"loc":{"start":{"line":35,"column":11},"end":{"line":35,"column":null}},"type":"cond-expr","locations":[{"start":{"line":35,"column":19},"end":{"line":35,"column":30}},{"start":{"line":35,"column":30},"end":{"line":35,"column":null}}],"line":35}},"s":{"0":3,"1":3,"2":10,"3":10,"4":5,"5":1,"6":4,"7":4,"8":4,"9":4,"10":2,"11":2,"12":2},"f":{"0":3,"1":10,"2":5},"b":{"0":[1,4],"1":[2,2],"2":[1,1]},"meta":{"lastBranch":3,"lastFunction":3,"lastStatement":13,"seen":{"f:4:16:4:27":0,"s:5:17:5:Infinity":0,"s:6:4:10:Infinity":1,"f:16:16:16:29":1,"s:17:18:17:Infinity":2,"s:18:4:18:Infinity":3,"f:24:16:24:48":2,"b:25:4:25:Infinity:undefined:undefined:undefined:undefined":0,"s:25:4:25:Infinity":4,"s:25:39:25:Infinity":5,"s:28:19:28:Infinity":6,"s:29:22:29:Infinity":7,"b:30:4:30:Infinity:undefined:undefined:undefined:undefined":1,"s:30:4:30:Infinity":8,"s:30:19:30:Infinity":9,"s:33:17:33:Infinity":10,"s:34:18:34:Infinity":11,"s:35:4:35:Infinity":12,"b:35:19:35:30:35:30:35:Infinity":2}}}
}
